<?xml version="1.0" encoding="UTF-8"?>
<!-- Generated by org.testng.reporters.JUnitReportReporter -->
<testsuite hostname="DESKTOP-9F40UFH" failures="0" tests="1" name="com.testPackage.Demo.LoginPage" time="13.262" errors="0" timestamp="2020-07-30T10:53:43 IST" skipped="0">
  <testcase classname="com.testPackage.Demo.LoginPage" name="basePageNavigation" time="13.262"/>
  <system-out/>
</testsuite> <!-- com.testPackage.Demo.LoginPage -->
